<?xml version="1.0" encoding="UTF-8"?>
<testng-results skipped="0" failed="0" total="1" passed="1">
  <reporter-output>
  </reporter-output>
  <suite name="Suite" duration-ms="13064" started-at="2018-02-17T15:03:45Z" finished-at="2018-02-17T15:03:58Z">
    <groups>
    </groups>
    <test name="Test" duration-ms="13064" started-at="2018-02-17T15:03:45Z" finished-at="2018-02-17T15:03:58Z">
      <class name="MyMavenProject.MyMavenProjectPractice.JenkinsTest">
        <test-method status="PASS" signature="verifyTitle()[pri:0, instance:MyMavenProject.MyMavenProjectPractice.JenkinsTest@6d8a00e3]" name="verifyTitle" duration-ms="13043" started-at="2018-02-17T15:03:45Z" finished-at="2018-02-17T15:03:58Z">
        </test-method> <!-- verifyTitle -->
      </class> <!-- MyMavenProject.MyMavenProjectPractice.JenkinsTest -->
    </test> <!-- Test -->
  </suite> <!-- Suite -->
</testng-results>
